This is pdfTeX, Version 3.141592653-2.6-1.40.26 (TeX Live 2024/Homebrew) (preloaded format=pdflatex 2024.10.6)  4 DEC 2025 12:23
entering extended mode
 restricted \write18 enabled.
 file:line:error style messages enabled.
 %&-line parsing enabled.
**"/Users/thereaper/Desktop/MTech Project/Phase_3/MTech_Project/ppt.tex"
(/Users/thereaper/Desktop/MTech Project/Phase_3/MTech_Project/ppt.tex
LaTeX2e <2023-11-01> patch level 1
L3 programming layer <2024-02-20>
(/opt/homebrew/Cellar/texlive/20240312_2/share/texmf-dist/tex/latex/beamer/beamer.cls
Document Class: beamer 2024/01/06 v3.71 A class for typesetting presentations
(/opt/homebrew/Cellar/texlive/20240312_2/share/texmf-dist/tex/latex/beamer/beamerbasemodes.sty (/opt/homebrew/Cellar/texlive/20240312_2/share/texmf-dist/tex/latex/etoolbox/etoolbox.sty
Package: etoolbox 2020/10/05 v2.5k e-TeX tools for LaTeX (JAW)
\etb@tempcnta=\count188
)
\beamer@tempbox=\box51
\beamer@tempcount=\count189
\c@beamerpauses=\count190
 (/opt/homebrew/Cellar/texlive/20240312_2/share/texmf-dist/tex/latex/beamer/beamerbasedecode.sty
\beamer@slideinframe=\count191
\beamer@minimum=\count192
\beamer@decode@box=\box52
)
\beamer@commentbox=\box53
\beamer@modecount=\count193
) (/opt/homebrew/Cellar/texlive/20240312_2/share/texmf-dist/tex/generic/iftex/iftex.sty
Package: iftex 2022/02/03 v1.0f TeX engine tests
)
\headdp=\dimen140
\footheight=\dimen141
\sidebarheight=\dimen142
\beamer@tempdim=\dimen143
\beamer@finalheight=\dimen144
\beamer@animht=\dimen145
\beamer@animdp=\dimen146
\beamer@animwd=\dimen147
\beamer@leftmargin=\dimen148
\beamer@rightmargin=\dimen149
\beamer@leftsidebar=\dimen150
\beamer@rightsidebar=\dimen151
\beamer@boxsize=\dimen152
\beamer@vboxoffset=\dimen153
\beamer@descdefault=\dimen154
\beamer@descriptionwidth=\dimen155
\beamer@lastskip=\skip48
\beamer@areabox=\box54
\beamer@animcurrent=\box55
\beamer@animshowbox=\box56
\beamer@sectionbox=\box57
\beamer@logobox=\box58
\beamer@linebox=\box59
\beamer@sectioncount=\count194
\beamer@subsubsectionmax=\count195
\beamer@subsectionmax=\count196
\beamer@sectionmax=\count197
\beamer@totalheads=\count198
\beamer@headcounter=\count199
\beamer@partstartpage=\count266
\beamer@sectionstartpage=\count267
\beamer@subsectionstartpage=\count268
\beamer@animationtempa=\count269
\beamer@animationtempb=\count270
\beamer@xpos=\count271
\beamer@ypos=\count272
\beamer@ypos@offset=\count273
\beamer@showpartnumber=\count274
\beamer@currentsubsection=\count275
\beamer@coveringdepth=\count276
\beamer@sectionadjust=\count277
\beamer@toclastsection=\count278
\beamer@tocsectionnumber=\count279
 (/opt/homebrew/Cellar/texlive/20240312_2/share/texmf-dist/tex/latex/beamer/beamerbaseoptions.sty (/opt/homebrew/Cellar/texlive/20240312_2/share/texmf-dist/tex/latex/graphics/keyval.sty
Package: keyval 2022/05/29 v1.15 key=value parser (DPC)
\KV@toks@=\toks17
))
\beamer@paperwidth=\skip49
\beamer@paperheight=\skip50
 (/opt/homebrew/Cellar/texlive/20240312_2/share/texmf-dist/tex/latex/geometry/geometry.sty
Package: geometry 2020/01/02 v5.9 Page Geometry
 (/opt/homebrew/Cellar/texlive/20240312_2/share/texmf-dist/tex/generic/iftex/ifvtex.sty
Package: ifvtex 2019/10/25 v1.7 ifvtex legacy package. Use iftex instead.
)
\Gm@cnth=\count280
\Gm@cntv=\count281
\c@Gm@tempcnt=\count282
\Gm@bindingoffset=\dimen156
\Gm@wd@mp=\dimen157
\Gm@odd@mp=\dimen158
\Gm@even@mp=\dimen159
\Gm@layoutwidth=\dimen160
\Gm@layoutheight=\dimen161
\Gm@layouthoffset=\dimen162
\Gm@layoutvoffset=\dimen163
\Gm@dimlist=\toks18
) (/opt/homebrew/Cellar/texlive/20240312_2/share/texmf-dist/tex/latex/pgf/math/pgfmath.sty (/opt/homebrew/Cellar/texlive/20240312_2/share/texmf-dist/tex/latex/pgf/utilities/pgfrcs.sty (/opt/homebrew/Cellar/texlive/20240312_2/share/texmf-dist/tex/generic/pgf/utilities/pgfutil-common.tex
\pgfutil@everybye=\toks19
\pgfutil@tempdima=\dimen164
\pgfutil@tempdimb=\dimen165
) (/opt/homebrew/Cellar/texlive/20240312_2/share/texmf-dist/tex/generic/pgf/utilities/pgfutil-latex.def
\pgfutil@abb=\box60
) (/opt/homebrew/Cellar/texlive/20240312_2/share/texmf-dist/tex/generic/pgf/utilities/pgfrcs.code.tex (/opt/homebrew/Cellar/texlive/20240312_2/share/texmf-dist/tex/generic/pgf/pgf.revision.tex)
Package: pgfrcs 2023-01-15 v3.1.10 (3.1.10)
)) (/opt/homebrew/Cellar/texlive/20240312_2/share/texmf-dist/tex/latex/pgf/utilities/pgfkeys.sty (/opt/homebrew/Cellar/texlive/20240312_2/share/texmf-dist/tex/generic/pgf/utilities/pgfkeys.code.tex
\pgfkeys@pathtoks=\toks20
\pgfkeys@temptoks=\toks21
 (/opt/homebrew/Cellar/texlive/20240312_2/share/texmf-dist/tex/generic/pgf/utilities/pgfkeyslibraryfiltered.code.tex
\pgfkeys@tmptoks=\toks22
))) (/opt/homebrew/Cellar/texlive/20240312_2/share/texmf-dist/tex/generic/pgf/math/pgfmath.code.tex (/opt/homebrew/Cellar/texlive/20240312_2/share/texmf-dist/tex/generic/pgf/math/pgfmathutil.code.tex
\pgf@x=\dimen166
\pgf@xa=\dimen167
\pgf@xb=\dimen168
\pgf@xc=\dimen169
\pgf@y=\dimen170
\pgf@ya=\dimen171
\pgf@yb=\dimen172
\pgf@yc=\dimen173
\c@pgf@counta=\count283
\c@pgf@countb=\count284
\c@pgf@countc=\count285
\c@pgf@countd=\count286
) (/opt/homebrew/Cellar/texlive/20240312_2/share/texmf-dist/tex/generic/pgf/math/pgfmathparser.code.tex
\pgfmath@dimen=\dimen174
\pgfmath@count=\count287
\pgfmath@box=\box61
\pgfmath@toks=\toks23
\pgfmath@stack@operand=\toks24
\pgfmath@stack@operation=\toks25
) (/opt/homebrew/Cellar/texlive/20240312_2/share/texmf-dist/tex/generic/pgf/math/pgfmathfunctions.code.tex) (/opt/homebrew/Cellar/texlive/20240312_2/share/texmf-dist/tex/generic/pgf/math/pgfmathfunctions.basic.code.tex) (/opt/homebrew/Cellar/texlive/20240312_2/share/texmf-dist/tex/generic/pgf/math/pgfmathfunctions.trigonometric.code.tex) (/opt/homebrew/Cellar/texlive/20240312_2/share/texmf-dist/tex/generic/pgf/math/pgfmathfunctions.random.code.tex) (/opt/homebrew/Cellar/texlive/20240312_2/share/texmf-dist/tex/generic/pgf/math/pgfmathfunctions.comparison.code.tex) (/opt/homebrew/Cellar/texlive/20240312_2/share/texmf-dist/tex/generic/pgf/math/pgfmathfunctions.base.code.tex) (/opt/homebrew/Cellar/texlive/20240312_2/share/texmf-dist/tex/generic/pgf/math/pgfmathfunctions.round.code.tex) (/opt/homebrew/Cellar/texlive/20240312_2/share/texmf-dist/tex/generic/pgf/math/pgfmathfunctions.misc.code.tex) (/opt/homebrew/Cellar/texlive/20240312_2/share/texmf-dist/tex/generic/pgf/math/pgfmathfunctions.integerarithmetics.code.tex) (/opt/homebrew/Cellar/texlive/20240312_2/share/texmf-dist/tex/generic/pgf/math/pgfmathcalc.code.tex) (/opt/homebrew/Cellar/texlive/20240312_2/share/texmf-dist/tex/generic/pgf/math/pgfmathfloat.code.tex
\c@pgfmathroundto@lastzeros=\count288
))) (/opt/homebrew/Cellar/texlive/20240312_2/share/texmf-dist/tex/latex/base/size11.clo
File: size11.clo 2023/05/17 v1.4n Standard LaTeX file (size option)
) (/opt/homebrew/Cellar/texlive/20240312_2/share/texmf-dist/tex/latex/pgf/basiclayer/pgfcore.sty (/opt/homebrew/Cellar/texlive/20240312_2/share/texmf-dist/tex/latex/graphics/graphicx.sty
Package: graphicx 2021/09/16 v1.2d Enhanced LaTeX Graphics (DPC,SPQR)
 (/opt/homebrew/Cellar/texlive/20240312_2/share/texmf-dist/tex/latex/graphics/graphics.sty
Package: graphics 2022/03/10 v1.4e Standard LaTeX Graphics (DPC,SPQR)
 (/opt/homebrew/Cellar/texlive/20240312_2/share/texmf-dist/tex/latex/graphics/trig.sty
Package: trig 2021/08/11 v1.11 sin cos tan (DPC)
) (/opt/homebrew/Cellar/texlive/20240312_2/share/texmf-dist/tex/latex/graphics-cfg/graphics.cfg
File: graphics.cfg 2016/06/04 v1.11 sample graphics configuration
)
Package graphics Info: Driver file: pdftex.def on input line 107.
 (/opt/homebrew/Cellar/texlive/20240312_2/share/texmf-dist/tex/latex/graphics-def/pdftex.def
File: pdftex.def 2022/09/22 v1.2b Graphics/color driver for pdftex
))
\Gin@req@height=\dimen175
\Gin@req@width=\dimen176
) (/opt/homebrew/Cellar/texlive/20240312_2/share/texmf-dist/tex/latex/pgf/systemlayer/pgfsys.sty (/opt/homebrew/Cellar/texlive/20240312_2/share/texmf-dist/tex/generic/pgf/systemlayer/pgfsys.code.tex
Package: pgfsys 2023-01-15 v3.1.10 (3.1.10)
\pgf@x=\dimen177
\pgf@y=\dimen178
\pgf@xa=\dimen179
\pgf@ya=\dimen180
\pgf@xb=\dimen181
\pgf@yb=\dimen182
\pgf@xc=\dimen183
\pgf@yc=\dimen184
\pgf@xd=\dimen185
\pgf@yd=\dimen186
\w@pgf@writea=\write3
\r@pgf@reada=\read2
\c@pgf@counta=\count289
\c@pgf@countb=\count290
\c@pgf@countc=\count291
\c@pgf@countd=\count292
\t@pgf@toka=\toks26
\t@pgf@tokb=\toks27
\t@pgf@tokc=\toks28
\pgf@sys@id@count=\count293
 (/opt/homebrew/Cellar/texlive/20240312_2/share/texmf-dist/tex/generic/pgf/systemlayer/pgf.cfg
File: pgf.cfg 2023-01-15 v3.1.10 (3.1.10)
)
Driver file for pgf: pgfsys-pdftex.def
 (/opt/homebrew/Cellar/texlive/20240312_2/share/texmf-dist/tex/generic/pgf/systemlayer/pgfsys-pdftex.def
File: pgfsys-pdftex.def 2023-01-15 v3.1.10 (3.1.10)
 (/opt/homebrew/Cellar/texlive/20240312_2/share/texmf-dist/tex/generic/pgf/systemlayer/pgfsys-common-pdf.def
File: pgfsys-common-pdf.def 2023-01-15 v3.1.10 (3.1.10)
))) (/opt/homebrew/Cellar/texlive/20240312_2/share/texmf-dist/tex/generic/pgf/systemlayer/pgfsyssoftpath.code.tex
File: pgfsyssoftpath.code.tex 2023-01-15 v3.1.10 (3.1.10)
\pgfsyssoftpath@smallbuffer@items=\count294
\pgfsyssoftpath@bigbuffer@items=\count295
) (/opt/homebrew/Cellar/texlive/20240312_2/share/texmf-dist/tex/generic/pgf/systemlayer/pgfsysprotocol.code.tex
File: pgfsysprotocol.code.tex 2023-01-15 v3.1.10 (3.1.10)
)) (/opt/homebrew/Cellar/texlive/20240312_2/share/texmf-dist/tex/latex/xcolor/xcolor.sty
Package: xcolor 2023/11/15 v3.01 LaTeX color extensions (UK)
 (/opt/homebrew/Cellar/texlive/20240312_2/share/texmf-dist/tex/latex/graphics-cfg/color.cfg
File: color.cfg 2016/01/02 v1.6 sample color configuration
)
Package xcolor Info: Driver file: pdftex.def on input line 274.
 (/opt/homebrew/Cellar/texlive/20240312_2/share/texmf-dist/tex/latex/graphics/mathcolor.ltx)
Package xcolor Info: Model `cmy' substituted by `cmy0' on input line 1350.
Package xcolor Info: Model `hsb' substituted by `rgb' on input line 1354.
Package xcolor Info: Model `RGB' extended on input line 1366.
Package xcolor Info: Model `HTML' substituted by `rgb' on input line 1368.
Package xcolor Info: Model `Hsb' substituted by `hsb' on input line 1369.
Package xcolor Info: Model `tHsb' substituted by `hsb' on input line 1370.
Package xcolor Info: Model `HSB' substituted by `hsb' on input line 1371.
Package xcolor Info: Model `Gray' substituted by `gray' on input line 1372.
Package xcolor Info: Model `wave' substituted by `hsb' on input line 1373.
) (/opt/homebrew/Cellar/texlive/20240312_2/share/texmf-dist/tex/generic/pgf/basiclayer/pgfcore.code.tex
Package: pgfcore 2023-01-15 v3.1.10 (3.1.10)
 (/opt/homebrew/Cellar/texlive/20240312_2/share/texmf-dist/tex/generic/pgf/math/pgfint.code.tex) (/opt/homebrew/Cellar/texlive/20240312_2/share/texmf-dist/tex/generic/pgf/basiclayer/pgfcorepoints.code.tex
File: pgfcorepoints.code.tex 2023-01-15 v3.1.10 (3.1.10)
\pgf@picminx=\dimen187
\pgf@picmaxx=\dimen188
\pgf@picminy=\dimen189
\pgf@picmaxy=\dimen190
\pgf@pathminx=\dimen191
\pgf@pathmaxx=\dimen192
\pgf@pathminy=\dimen193
\pgf@pathmaxy=\dimen194
\pgf@xx=\dimen195
\pgf@xy=\dimen196
\pgf@yx=\dimen197
\pgf@yy=\dimen198
\pgf@zx=\dimen199
\pgf@zy=\dimen256
) (/opt/homebrew/Cellar/texlive/20240312_2/share/texmf-dist/tex/generic/pgf/basiclayer/pgfcorepathconstruct.code.tex
File: pgfcorepathconstruct.code.tex 2023-01-15 v3.1.10 (3.1.10)
\pgf@path@lastx=\dimen257
\pgf@path@lasty=\dimen258
) (/opt/homebrew/Cellar/texlive/20240312_2/share/texmf-dist/tex/generic/pgf/basiclayer/pgfcorepathusage.code.tex
File: pgfcorepathusage.code.tex 2023-01-15 v3.1.10 (3.1.10)
\pgf@shorten@end@additional=\dimen259
\pgf@shorten@start@additional=\dimen260
) (/opt/homebrew/Cellar/texlive/20240312_2/share/texmf-dist/tex/generic/pgf/basiclayer/pgfcorescopes.code.tex
File: pgfcorescopes.code.tex 2023-01-15 v3.1.10 (3.1.10)
\pgfpic=\box62
\pgf@hbox=\box63
\pgf@layerbox@main=\box64
\pgf@picture@serial@count=\count296
) (/opt/homebrew/Cellar/texlive/20240312_2/share/texmf-dist/tex/generic/pgf/basiclayer/pgfcoregraphicstate.code.tex
File: pgfcoregraphicstate.code.tex 2023-01-15 v3.1.10 (3.1.10)
\pgflinewidth=\dimen261
) (/opt/homebrew/Cellar/texlive/20240312_2/share/texmf-dist/tex/generic/pgf/basiclayer/pgfcoretransformations.code.tex
File: pgfcoretransformations.code.tex 2023-01-15 v3.1.10 (3.1.10)
\pgf@pt@x=\dimen262
\pgf@pt@y=\dimen263
\pgf@pt@temp=\dimen264
) (/opt/homebrew/Cellar/texlive/20240312_2/share/texmf-dist/tex/generic/pgf/basiclayer/pgfcorequick.code.tex
File: pgfcorequick.code.tex 2023-01-15 v3.1.10 (3.1.10)
) (/opt/homebrew/Cellar/texlive/20240312_2/share/texmf-dist/tex/generic/pgf/basiclayer/pgfcoreobjects.code.tex
File: pgfcoreobjects.code.tex 2023-01-15 v3.1.10 (3.1.10)
) (/opt/homebrew/Cellar/texlive/20240312_2/share/texmf-dist/tex/generic/pgf/basiclayer/pgfcorepathprocessing.code.tex
File: pgfcorepathprocessing.code.tex 2023-01-15 v3.1.10 (3.1.10)
) (/opt/homebrew/Cellar/texlive/20240312_2/share/texmf-dist/tex/generic/pgf/basiclayer/pgfcorearrows.code.tex
File: pgfcorearrows.code.tex 2023-01-15 v3.1.10 (3.1.10)
\pgfarrowsep=\dimen265
) (/opt/homebrew/Cellar/texlive/20240312_2/share/texmf-dist/tex/generic/pgf/basiclayer/pgfcoreshade.code.tex
File: pgfcoreshade.code.tex 2023-01-15 v3.1.10 (3.1.10)
\pgf@max=\dimen266
\pgf@sys@shading@range@num=\count297
\pgf@shadingcount=\count298
) (/opt/homebrew/Cellar/texlive/20240312_2/share/texmf-dist/tex/generic/pgf/basiclayer/pgfcoreimage.code.tex
File: pgfcoreimage.code.tex 2023-01-15 v3.1.10 (3.1.10)
) (/opt/homebrew/Cellar/texlive/20240312_2/share/texmf-dist/tex/generic/pgf/basiclayer/pgfcoreexternal.code.tex
File: pgfcoreexternal.code.tex 2023-01-15 v3.1.10 (3.1.10)
\pgfexternal@startupbox=\box65
) (/opt/homebrew/Cellar/texlive/20240312_2/share/texmf-dist/tex/generic/pgf/basiclayer/pgfcorelayers.code.tex
File: pgfcorelayers.code.tex 2023-01-15 v3.1.10 (3.1.10)
) (/opt/homebrew/Cellar/texlive/20240312_2/share/texmf-dist/tex/generic/pgf/basiclayer/pgfcoretransparency.code.tex
File: pgfcoretransparency.code.tex 2023-01-15 v3.1.10 (3.1.10)
) (/opt/homebrew/Cellar/texlive/20240312_2/share/texmf-dist/tex/generic/pgf/basiclayer/pgfcorepatterns.code.tex
File: pgfcorepatterns.code.tex 2023-01-15 v3.1.10 (3.1.10)
) (/opt/homebrew/Cellar/texlive/20240312_2/share/texmf-dist/tex/generic/pgf/basiclayer/pgfcorerdf.code.tex
File: pgfcorerdf.code.tex 2023-01-15 v3.1.10 (3.1.10)
))) (/opt/homebrew/Cellar/texlive/20240312_2/share/texmf-dist/tex/latex/pgf/utilities/xxcolor.sty
Package: xxcolor 2003/10/24 ver 0.1
\XC@nummixins=\count299
\XC@countmixins=\count300
) (/opt/homebrew/Cellar/texlive/20240312_2/share/texmf-dist/tex/latex/base/atbegshi-ltx.sty
Package: atbegshi-ltx 2021/01/10 v1.0c Emulation of the original atbegshi
package with kernel methods
) (/opt/homebrew/Cellar/texlive/20240312_2/share/texmf-dist/tex/latex/hyperref/hyperref.sty
Package: hyperref 2024-01-20 v7.01h Hypertext links for LaTeX
 (/opt/homebrew/Cellar/texlive/20240312_2/share/texmf-dist/tex/latex/kvsetkeys/kvsetkeys.sty
Package: kvsetkeys 2022-10-05 v1.19 Key value parser (HO)
) (/opt/homebrew/Cellar/texlive/20240312_2/share/texmf-dist/tex/generic/kvdefinekeys/kvdefinekeys.sty
Package: kvdefinekeys 2019-12-19 v1.6 Define keys (HO)
) (/opt/homebrew/Cellar/texlive/20240312_2/share/texmf-dist/tex/generic/pdfescape/pdfescape.sty
Package: pdfescape 2019/12/09 v1.15 Implements pdfTeX's escape features (HO)
 (/opt/homebrew/Cellar/texlive/20240312_2/share/texmf-dist/tex/generic/ltxcmds/ltxcmds.sty
Package: ltxcmds 2023-12-04 v1.26 LaTeX kernel commands for general use (HO)
) (/opt/homebrew/Cellar/texlive/20240312_2/share/texmf-dist/tex/generic/pdftexcmds/pdftexcmds.sty
Package: pdftexcmds 2020-06-27 v0.33 Utility functions of pdfTeX for LuaTeX (HO)
 (/opt/homebrew/Cellar/texlive/20240312_2/share/texmf-dist/tex/generic/infwarerr/infwarerr.sty
Package: infwarerr 2019/12/03 v1.5 Providing info/warning/error messages (HO)
)
Package pdftexcmds Info: \pdf@primitive is available.
Package pdftexcmds Info: \pdf@ifprimitive is available.
Package pdftexcmds Info: \pdfdraftmode found.
)) (/opt/homebrew/Cellar/texlive/20240312_2/share/texmf-dist/tex/latex/hycolor/hycolor.sty
Package: hycolor 2020-01-27 v1.10 Color options for hyperref/bookmark (HO)
) (/opt/homebrew/Cellar/texlive/20240312_2/share/texmf-dist/tex/latex/auxhook/auxhook.sty
Package: auxhook 2019-12-17 v1.6 Hooks for auxiliary files (HO)
) (/opt/homebrew/Cellar/texlive/20240312_2/share/texmf-dist/tex/latex/hyperref/nameref.sty
Package: nameref 2023-11-26 v2.56 Cross-referencing by name of section
 (/opt/homebrew/Cellar/texlive/20240312_2/share/texmf-dist/tex/latex/refcount/refcount.sty
Package: refcount 2019/12/15 v3.6 Data extraction from label references (HO)
) (/opt/homebrew/Cellar/texlive/20240312_2/share/texmf-dist/tex/generic/gettitlestring/gettitlestring.sty
Package: gettitlestring 2019/12/15 v1.6 Cleanup title references (HO)
 (/opt/homebrew/Cellar/texlive/20240312_2/share/texmf-dist/tex/latex/kvoptions/kvoptions.sty
Package: kvoptions 2022-06-15 v3.15 Key value format for package options (HO)
))
\c@section@level=\count301
)
\@linkdim=\dimen267
\Hy@linkcounter=\count302
\Hy@pagecounter=\count303
 (/opt/homebrew/Cellar/texlive/20240312_2/share/texmf-dist/tex/latex/hyperref/pd1enc.def
File: pd1enc.def 2024-01-20 v7.01h Hyperref: PDFDocEncoding definition (HO)
Now handling font encoding PD1 ...
... no UTF-8 mapping file for font encoding PD1
) (/opt/homebrew/Cellar/texlive/20240312_2/share/texmf-dist/tex/generic/intcalc/intcalc.sty
Package: intcalc 2019/12/15 v1.3 Expandable calculations with integers (HO)
)
\Hy@SavedSpaceFactor=\count304
 (/opt/homebrew/Cellar/texlive/20240312_2/share/texmf-dist/tex/latex/hyperref/puenc.def
File: puenc.def 2024-01-20 v7.01h Hyperref: PDF Unicode definition (HO)
Now handling font encoding PU ...
... no UTF-8 mapping file for font encoding PU
)
Package hyperref Info: Option `bookmarks' set `true' on input line 4062.
Package hyperref Info: Option `bookmarksopen' set `true' on input line 4062.
Package hyperref Info: Option `implicit' set `false' on input line 4062.
Package hyperref Info: Hyper figures OFF on input line 4179.
Package hyperref Info: Link nesting OFF on input line 4184.
Package hyperref Info: Hyper index ON on input line 4187.
Package hyperref Info: Plain pages OFF on input line 4194.
Package hyperref Info: Backreferencing OFF on input line 4199.
Package hyperref Info: Implicit mode OFF; no redefinition of LaTeX internals.
Package hyperref Info: Bookmarks ON on input line 4446.
\c@Hy@tempcnt=\count305
 (/opt/homebrew/Cellar/texlive/20240312_2/share/texmf-dist/tex/latex/url/url.sty
\Urlmuskip=\muskip16
Package: url 2013/09/16  ver 3.4  Verb mode for urls, etc.
)
LaTeX Info: Redefining \url on input line 4784.
\XeTeXLinkMargin=\dimen268
 (/opt/homebrew/Cellar/texlive/20240312_2/share/texmf-dist/tex/generic/bitset/bitset.sty
Package: bitset 2019/12/09 v1.3 Handle bit-vector datatype (HO)
 (/opt/homebrew/Cellar/texlive/20240312_2/share/texmf-dist/tex/generic/bigintcalc/bigintcalc.sty
Package: bigintcalc 2019/12/15 v1.5 Expandable calculations on big integers (HO)
))
\Fld@menulength=\count306
\Field@Width=\dimen269
\Fld@charsize=\dimen270
Package hyperref Info: Hyper figures OFF on input line 6063.
Package hyperref Info: Link nesting OFF on input line 6068.
Package hyperref Info: Hyper index ON on input line 6071.
Package hyperref Info: backreferencing OFF on input line 6078.
Package hyperref Info: Link coloring OFF on input line 6083.
Package hyperref Info: Link coloring with OCG OFF on input line 6088.
Package hyperref Info: PDF/A mode OFF on input line 6093.
\Hy@abspage=\count307


Package hyperref Message: Stopped early.

)
Package hyperref Info: Driver (autodetected): hpdftex.
 (/opt/homebrew/Cellar/texlive/20240312_2/share/texmf-dist/tex/latex/hyperref/hpdftex.def
File: hpdftex.def 2024-01-20 v7.01h Hyperref driver for pdfTeX
 (/opt/homebrew/Cellar/texlive/20240312_2/share/texmf-dist/tex/latex/base/atveryend-ltx.sty
Package: atveryend-ltx 2020/08/19 v1.0a Emulation of the original atveryend package
with kernel methods
)
\Fld@listcount=\count308
\c@bookmark@seq@number=\count309
 (/opt/homebrew/Cellar/texlive/20240312_2/share/texmf-dist/tex/latex/rerunfilecheck/rerunfilecheck.sty
Package: rerunfilecheck 2022-07-10 v1.10 Rerun checks for auxiliary files (HO)
 (/opt/homebrew/Cellar/texlive/20240312_2/share/texmf-dist/tex/generic/uniquecounter/uniquecounter.sty
Package: uniquecounter 2019/12/15 v1.4 Provide unlimited unique counter (HO)
)
Package uniquecounter Info: New unique counter `rerunfilecheck' on input line 285.
)) (/opt/homebrew/Cellar/texlive/20240312_2/share/texmf-dist/tex/latex/beamer/beamerbaserequires.sty (/opt/homebrew/Cellar/texlive/20240312_2/share/texmf-dist/tex/latex/beamer/beamerbasecompatibility.sty) (/opt/homebrew/Cellar/texlive/20240312_2/share/texmf-dist/tex/latex/beamer/beamerbasefont.sty (/opt/homebrew/Cellar/texlive/20240312_2/share/texmf-dist/tex/latex/amsfonts/amssymb.sty
Package: amssymb 2013/01/14 v3.01 AMS font symbols
 (/opt/homebrew/Cellar/texlive/20240312_2/share/texmf-dist/tex/latex/amsfonts/amsfonts.sty
Package: amsfonts 2013/01/14 v3.01 Basic AMSFonts support
\@emptytoks=\toks29
\symAMSa=\mathgroup4
\symAMSb=\mathgroup5
LaTeX Font Info:    Redeclaring math symbol \hbar on input line 98.
LaTeX Font Info:    Overwriting math alphabet `\mathfrak' in version `bold'
(Font)                  U/euf/m/n --> U/euf/b/n on input line 106.
)) (/opt/homebrew/Cellar/texlive/20240312_2/share/texmf-dist/tex/latex/sansmathaccent/sansmathaccent.sty
Package: sansmathaccent 2020/01/31
 (/opt/homebrew/Cellar/texlive/20240312_2/share/texmf-dist/tex/latex/koma-script/scrlfile.sty
Package: scrlfile 2023/07/07 v3.41 KOMA-Script package (file load hooks)
 (/opt/homebrew/Cellar/texlive/20240312_2/share/texmf-dist/tex/latex/koma-script/scrlfile-hook.sty
Package: scrlfile-hook 2023/07/07 v3.41 KOMA-Script package (using LaTeX hooks)
 (/opt/homebrew/Cellar/texlive/20240312_2/share/texmf-dist/tex/latex/koma-script/scrlogo.sty
Package: scrlogo 2023/07/07 v3.41 KOMA-Script package (logo)
))))) (/opt/homebrew/Cellar/texlive/20240312_2/share/texmf-dist/tex/latex/beamer/beamerbasetranslator.sty (/opt/homebrew/Cellar/texlive/20240312_2/share/texmf-dist/tex/latex/translator/translator.sty
Package: translator 2021-05-31 v1.12d Easy translation of strings in LaTeX
)) (/opt/homebrew/Cellar/texlive/20240312_2/share/texmf-dist/tex/latex/beamer/beamerbasemisc.sty) (/opt/homebrew/Cellar/texlive/20240312_2/share/texmf-dist/tex/latex/beamer/beamerbasetwoscreens.sty) (/opt/homebrew/Cellar/texlive/20240312_2/share/texmf-dist/tex/latex/beamer/beamerbaseoverlay.sty
\beamer@argscount=\count310
\beamer@lastskipcover=\skip51
\beamer@trivlistdepth=\count311
) (/opt/homebrew/Cellar/texlive/20240312_2/share/texmf-dist/tex/latex/beamer/beamerbasetitle.sty) (/opt/homebrew/Cellar/texlive/20240312_2/share/texmf-dist/tex/latex/beamer/beamerbasesection.sty
\c@lecture=\count312
\c@part=\count313
\c@section=\count314
\c@subsection=\count315
\c@subsubsection=\count316
) (/opt/homebrew/Cellar/texlive/20240312_2/share/texmf-dist/tex/latex/beamer/beamerbaseframe.sty
\beamer@framebox=\box66
\beamer@frametitlebox=\box67
\beamer@zoombox=\box68
\beamer@zoomcount=\count317
\beamer@zoomframecount=\count318
\beamer@frametextheight=\dimen271
\c@subsectionslide=\count319
\beamer@frametopskip=\skip52
\beamer@framebottomskip=\skip53
\beamer@frametopskipautobreak=\skip54
\beamer@framebottomskipautobreak=\skip55
\beamer@envbody=\toks30
\framewidth=\dimen272
\c@framenumber=\count320
) (/opt/homebrew/Cellar/texlive/20240312_2/share/texmf-dist/tex/latex/beamer/beamerbaseverbatim.sty
\beamer@verbatimfileout=\write4
) (/opt/homebrew/Cellar/texlive/20240312_2/share/texmf-dist/tex/latex/beamer/beamerbaseframesize.sty
\beamer@splitbox=\box69
\beamer@autobreakcount=\count321
\beamer@autobreaklastheight=\dimen273
\beamer@frametitletoks=\toks31
\beamer@framesubtitletoks=\toks32
) (/opt/homebrew/Cellar/texlive/20240312_2/share/texmf-dist/tex/latex/beamer/beamerbaseframecomponents.sty
\beamer@footins=\box70
) (/opt/homebrew/Cellar/texlive/20240312_2/share/texmf-dist/tex/latex/beamer/beamerbasecolor.sty) (/opt/homebrew/Cellar/texlive/20240312_2/share/texmf-dist/tex/latex/beamer/beamerbasenotes.sty
\beamer@frameboxcopy=\box71
) (/opt/homebrew/Cellar/texlive/20240312_2/share/texmf-dist/tex/latex/beamer/beamerbasetoc.sty) (/opt/homebrew/Cellar/texlive/20240312_2/share/texmf-dist/tex/latex/beamer/beamerbasetemplates.sty
\beamer@sbttoks=\toks33
 (/opt/homebrew/Cellar/texlive/20240312_2/share/texmf-dist/tex/latex/beamer/beamerbaseauxtemplates.sty (/opt/homebrew/Cellar/texlive/20240312_2/share/texmf-dist/tex/latex/beamer/beamerbaseboxes.sty
\bmb@box=\box72
\bmb@colorbox=\box73
\bmb@boxwidth=\dimen274
\bmb@boxheight=\dimen275
\bmb@prevheight=\dimen276
\bmb@temp=\dimen277
\bmb@dima=\dimen278
\bmb@dimb=\dimen279
\bmb@prevheight=\dimen280
)
\beamer@blockheadheight=\dimen281
)) (/opt/homebrew/Cellar/texlive/20240312_2/share/texmf-dist/tex/latex/beamer/beamerbaselocalstructure.sty (/opt/homebrew/Cellar/texlive/20240312_2/share/texmf-dist/tex/latex/tools/enumerate.sty
Package: enumerate 2023/07/04 v3.00 enumerate extensions (DPC)
\@enLab=\toks34
)
\beamer@bibiconwidth=\skip56
\c@figure=\count322
\c@table=\count323
\abovecaptionskip=\skip57
\belowcaptionskip=\skip58
) (/opt/homebrew/Cellar/texlive/20240312_2/share/texmf-dist/tex/latex/beamer/beamerbasenavigation.sty (/opt/homebrew/Cellar/texlive/20240312_2/share/texmf-dist/tex/latex/beamer/beamerbasenavigationsymbols.tex)
\beamer@section@min@dim=\dimen282
) (/opt/homebrew/Cellar/texlive/20240312_2/share/texmf-dist/tex/latex/beamer/beamerbasetheorems.sty (/opt/homebrew/Cellar/texlive/20240312_2/share/texmf-dist/tex/latex/amsmath/amsmath.sty
Package: amsmath 2023/05/13 v2.17o AMS math features
\@mathmargin=\skip59

For additional information on amsmath, use the `?' option.
(/opt/homebrew/Cellar/texlive/20240312_2/share/texmf-dist/tex/latex/amsmath/amstext.sty
Package: amstext 2021/08/26 v2.01 AMS text
 (/opt/homebrew/Cellar/texlive/20240312_2/share/texmf-dist/tex/latex/amsmath/amsgen.sty
File: amsgen.sty 1999/11/30 v2.0 generic functions
\@emptytoks=\toks35
\ex@=\dimen283
)) (/opt/homebrew/Cellar/texlive/20240312_2/share/texmf-dist/tex/latex/amsmath/amsbsy.sty
Package: amsbsy 1999/11/29 v1.2d Bold Symbols
\pmbraise@=\dimen284
) (/opt/homebrew/Cellar/texlive/20240312_2/share/texmf-dist/tex/latex/amsmath/amsopn.sty
Package: amsopn 2022/04/08 v2.04 operator names
)
\inf@bad=\count324
LaTeX Info: Redefining \frac on input line 234.
\uproot@=\count325
\leftroot@=\count326
LaTeX Info: Redefining \overline on input line 399.
LaTeX Info: Redefining \colon on input line 410.
\classnum@=\count327
\DOTSCASE@=\count328
LaTeX Info: Redefining \ldots on input line 496.
LaTeX Info: Redefining \dots on input line 499.
LaTeX Info: Redefining \cdots on input line 620.
\Mathstrutbox@=\box74
\strutbox@=\box75
LaTeX Info: Redefining \big on input line 722.
LaTeX Info: Redefining \Big on input line 723.
LaTeX Info: Redefining \bigg on input line 724.
LaTeX Info: Redefining \Bigg on input line 725.
\big@size=\dimen285
LaTeX Font Info:    Redeclaring font encoding OML on input line 743.
LaTeX Font Info:    Redeclaring font encoding OMS on input line 744.
\macc@depth=\count329
LaTeX Info: Redefining \bmod on input line 905.
LaTeX Info: Redefining \pmod on input line 910.
LaTeX Info: Redefining \smash on input line 940.
LaTeX Info: Redefining \relbar on input line 970.
LaTeX Info: Redefining \Relbar on input line 971.
\c@MaxMatrixCols=\count330
\dotsspace@=\muskip17
\c@parentequation=\count331
\dspbrk@lvl=\count332
\tag@help=\toks36
\row@=\count333
\column@=\count334
\maxfields@=\count335
\andhelp@=\toks37
\eqnshift@=\dimen286
\alignsep@=\dimen287
\tagshift@=\dimen288
\tagwidth@=\dimen289
\totwidth@=\dimen290
\lineht@=\dimen291
\@envbody=\toks38
\multlinegap=\skip60
\multlinetaggap=\skip61
\mathdisplay@stack=\toks39
LaTeX Info: Redefining \[ on input line 2953.
LaTeX Info: Redefining \] on input line 2954.
) (/opt/homebrew/Cellar/texlive/20240312_2/share/texmf-dist/tex/latex/amscls/amsthm.sty
Package: amsthm 2020/05/29 v2.20.6
\thm@style=\toks40
\thm@bodyfont=\toks41
\thm@headfont=\toks42
\thm@notefont=\toks43
\thm@headpunct=\toks44
\thm@preskip=\skip62
\thm@postskip=\skip63
\thm@headsep=\skip64
\dth@everypar=\toks45
)
\c@theorem=\count336
) (/opt/homebrew/Cellar/texlive/20240312_2/share/texmf-dist/tex/latex/beamer/beamerbasethemes.sty)) (/opt/homebrew/Cellar/texlive/20240312_2/share/texmf-dist/tex/latex/beamer/beamerthemedefault.sty (/opt/homebrew/Cellar/texlive/20240312_2/share/texmf-dist/tex/latex/beamer/beamerfontthemedefault.sty) (/opt/homebrew/Cellar/texlive/20240312_2/share/texmf-dist/tex/latex/beamer/beamercolorthemedefault.sty) (/opt/homebrew/Cellar/texlive/20240312_2/share/texmf-dist/tex/latex/beamer/beamerinnerthemedefault.sty
\beamer@dima=\dimen292
\beamer@dimb=\dimen293
) (/opt/homebrew/Cellar/texlive/20240312_2/share/texmf-dist/tex/latex/beamer/beamerouterthemedefault.sty))) (/opt/homebrew/Cellar/texlive/20240312_2/share/texmf-dist/tex/latex/biblatex/biblatex.sty
Package: biblatex 2024/03/21 v3.20 programmable bibliographies (PK/MW)
 (/opt/homebrew/Cellar/texlive/20240312_2/share/texmf-dist/tex/latex/logreq/logreq.sty
Package: logreq 2010/08/04 v1.0 xml request logger
\lrq@indent=\count337
 (/opt/homebrew/Cellar/texlive/20240312_2/share/texmf-dist/tex/latex/logreq/logreq.def
File: logreq.def 2010/08/04 v1.0 logreq spec v1.0
)) (/opt/homebrew/Cellar/texlive/20240312_2/share/texmf-dist/tex/latex/base/ifthen.sty
Package: ifthen 2022/04/13 v1.1d Standard LaTeX ifthen package (DPC)
)
\c@tabx@nest=\count338
\c@listtotal=\count339
\c@listcount=\count340
\c@liststart=\count341
\c@liststop=\count342
\c@citecount=\count343
\c@citetotal=\count344
\c@multicitecount=\count345
\c@multicitetotal=\count346
\c@instcount=\count347
\c@maxnames=\count348
\c@minnames=\count349
\c@maxitems=\count350
\c@minitems=\count351
\c@citecounter=\count352
\c@maxcitecounter=\count353
\c@savedcitecounter=\count354
\c@uniquelist=\count355
\c@uniquename=\count356
\c@refsection=\count357
\c@refsegment=\count358
\c@maxextratitle=\count359
\c@maxextratitleyear=\count360
\c@maxextraname=\count361
\c@maxextradate=\count362
\c@maxextraalpha=\count363
\c@abbrvpenalty=\count364
\c@highnamepenalty=\count365
\c@lownamepenalty=\count366
\c@maxparens=\count367
\c@parenlevel=\count368
\blx@tempcnta=\count369
\blx@tempcntb=\count370
\blx@tempcntc=\count371
\c@blx@maxsection=\count372
\blx@maxsegment@0=\count373
\blx@notetype=\count374
\blx@parenlevel@text=\count375
\blx@parenlevel@foot=\count376
\blx@sectionciteorder@0=\count377
\blx@sectionciteorderinternal@0=\count378
\blx@entrysetcounter=\count379
\blx@biblioinstance=\count380
\labelnumberwidth=\skip65
\labelalphawidth=\skip66
\biblabelsep=\skip67
\bibitemsep=\skip68
\bibnamesep=\skip69
\bibinitsep=\skip70
\bibparsep=\skip71
\bibhang=\skip72
\blx@bcfin=\read3
\blx@bcfout=\write5
\blx@langwohyphens=\language89
\c@mincomprange=\count381
\c@maxcomprange=\count382
\c@mincompwidth=\count383
Package biblatex Info: Trying to load biblatex default data model...
Package biblatex Info: ... file 'blx-dm.def' found.
 (/opt/homebrew/Cellar/texlive/20240312_2/share/texmf-dist/tex/latex/biblatex/blx-dm.def
File: blx-dm.def 2024/03/21 v3.20 biblatex datamodel (PK/MW)
)
Package biblatex Info: Trying to load biblatex style data model...
Package biblatex Info: ... file 'ieee.dbx' not found.
Package biblatex Info: Trying to load biblatex custom data model...
Package biblatex Info: ... file 'biblatex-dm.cfg' not found.
\c@afterword=\count384
\c@savedafterword=\count385
\c@annotator=\count386
\c@savedannotator=\count387
\c@author=\count388
\c@savedauthor=\count389
\c@bookauthor=\count390
\c@savedbookauthor=\count391
\c@commentator=\count392
\c@savedcommentator=\count393
\c@editor=\count394
\c@savededitor=\count395
\c@editora=\count396
\c@savededitora=\count397
\c@editorb=\count398
\c@savededitorb=\count399
\c@editorc=\count400
\c@savededitorc=\count401
\c@foreword=\count402
\c@savedforeword=\count403
\c@holder=\count404
\c@savedholder=\count405
\c@introduction=\count406
\c@savedintroduction=\count407
\c@namea=\count408
\c@savednamea=\count409
\c@nameb=\count410
\c@savednameb=\count411
\c@namec=\count412
\c@savednamec=\count413
\c@translator=\count414
\c@savedtranslator=\count415
\c@shortauthor=\count416
\c@savedshortauthor=\count417
\c@shorteditor=\count418
\c@savedshorteditor=\count419
\c@labelname=\count420
\c@savedlabelname=\count421
\c@institution=\count422
\c@savedinstitution=\count423
\c@lista=\count424
\c@savedlista=\count425
\c@listb=\count426
\c@savedlistb=\count427
\c@listc=\count428
\c@savedlistc=\count429
\c@listd=\count430
\c@savedlistd=\count431
\c@liste=\count432
\c@savedliste=\count433
\c@listf=\count434
\c@savedlistf=\count435
\c@location=\count436
\c@savedlocation=\count437
\c@organization=\count438
\c@savedorganization=\count439
\c@origlocation=\count440
\c@savedoriglocation=\count441
\c@origpublisher=\count442
\c@savedorigpublisher=\count443
\c@publisher=\count444
\c@savedpublisher=\count445
\c@language=\count446
\c@savedlanguage=\count447
\c@origlanguage=\count448
\c@savedoriglanguage=\count449
\c@pageref=\count450
\c@savedpageref=\count451
\shorthandwidth=\skip73
\shortjournalwidth=\skip74
\shortserieswidth=\skip75
\shorttitlewidth=\skip76
\shortauthorwidth=\skip77
\shorteditorwidth=\skip78
\locallabelnumberwidth=\skip79
\locallabelalphawidth=\skip80
\localshorthandwidth=\skip81
\localshortjournalwidth=\skip82
\localshortserieswidth=\skip83
\localshorttitlewidth=\skip84
\localshortauthorwidth=\skip85
\localshorteditorwidth=\skip86
Package biblatex Info: Trying to load compatibility code...
Package biblatex Info: ... file 'blx-compat.def' found.
 (/opt/homebrew/Cellar/texlive/20240312_2/share/texmf-dist/tex/latex/biblatex/blx-compat.def
File: blx-compat.def 2024/03/21 v3.20 biblatex compatibility (PK/MW)
)
Package biblatex Info: Trying to load generic definitions...
Package biblatex Info: ... file 'biblatex.def' found.
 (/opt/homebrew/Cellar/texlive/20240312_2/share/texmf-dist/tex/latex/biblatex/biblatex.def
File: biblatex.def 2024/03/21 v3.20 biblatex compatibility (PK/MW)
\c@textcitecount=\count452
\c@textcitetotal=\count453
\c@textcitemaxnames=\count454
\c@biburlbigbreakpenalty=\count455
\c@biburlbreakpenalty=\count456
\c@biburlnumpenalty=\count457
\c@biburlucpenalty=\count458
\c@biburllcpenalty=\count459
\biburlbigskip=\muskip18
\biburlnumskip=\muskip19
\biburlucskip=\muskip20
\biburllcskip=\muskip21
\c@smartand=\count460
)
Package biblatex Info: Trying to load bibliography style 'ieee'...
Package biblatex Info: ... file 'ieee.bbx' found.
 (/opt/homebrew/Cellar/texlive/20240312_2/share/texmf-dist/tex/latex/biblatex-ieee/ieee.bbx
File: ieee.bbx 2021/12/06 v1.3f biblatex bibliography style
Package biblatex Info: Trying to load bibliography style 'numeric-comp'...
Package biblatex Info: ... file 'numeric-comp.bbx' found.
 (/opt/homebrew/Cellar/texlive/20240312_2/share/texmf-dist/tex/latex/biblatex/bbx/numeric-comp.bbx
File: numeric-comp.bbx 2024/03/21 v3.20 biblatex bibliography style (PK/MW)
Package biblatex Info: Trying to load bibliography style 'numeric'...
Package biblatex Info: ... file 'numeric.bbx' found.
 (/opt/homebrew/Cellar/texlive/20240312_2/share/texmf-dist/tex/latex/biblatex/bbx/numeric.bbx
File: numeric.bbx 2024/03/21 v3.20 biblatex bibliography style (PK/MW)
Package biblatex Info: Trying to load bibliography style 'standard'...
Package biblatex Info: ... file 'standard.bbx' found.
 (/opt/homebrew/Cellar/texlive/20240312_2/share/texmf-dist/tex/latex/biblatex/bbx/standard.bbx
File: standard.bbx 2024/03/21 v3.20 biblatex bibliography style (PK/MW)
\c@bbx:relatedcount=\count461
\c@bbx:relatedtotal=\count462
))))
Package biblatex Info: Trying to load citation style 'ieee'...
Package biblatex Info: ... file 'ieee.cbx' found.
 (/opt/homebrew/Cellar/texlive/20240312_2/share/texmf-dist/tex/latex/biblatex-ieee/ieee.cbx
File: ieee.cbx 2021/12/06 v1.3f biblatex citation style
Package biblatex Info: Trying to load citation style 'numeric-comp'...
Package biblatex Info: ... file 'numeric-comp.cbx' found.
 (/opt/homebrew/Cellar/texlive/20240312_2/share/texmf-dist/tex/latex/biblatex/cbx/numeric-comp.cbx
File: numeric-comp.cbx 2024/03/21 v3.20 biblatex citation style (PK/MW)
\c@cbx@tempcnta=\count463
\c@cbx@tempcntb=\count464
\c@cbx@tempcntc=\count465
\c@cbx@tempcntd=\count466
Package biblatex Info: Redefining '\cite'.
Package biblatex Info: Redefining '\parencite'.
Package biblatex Info: Redefining '\footcite'.
Package biblatex Info: Redefining '\footcitetext'.
Package biblatex Info: Redefining '\smartcite'.
Package biblatex Info: Redefining '\supercite'.
Package biblatex Info: Redefining '\textcite'.
Package biblatex Info: Redefining '\textcites'.
Package biblatex Info: Redefining '\cites'.
Package biblatex Info: Redefining '\parencites'.
Package biblatex Info: Redefining '\smartcites'.
)
Package biblatex Info: Redefining '\cite'.
Package biblatex Info: Redefining '\supercite'.
Package biblatex Info: Redefining '\cites'.
)
Package biblatex Info: Trying to load configuration file...
Package biblatex Info: ... file 'biblatex.cfg' found.
 (/opt/homebrew/Cellar/texlive/20240312_2/share/texmf-dist/tex/latex/biblatex/biblatex.cfg
File: biblatex.cfg 
)
Package biblatex Info: Input encoding 'utf8' detected.
Package biblatex Info: Document encoding is UTF8 ....
 (/opt/homebrew/Cellar/texlive/20240312_2/share/texmf-dist/tex/latex/l3kernel/expl3.sty
Package: expl3 2024-02-20 L3 programming layer (loader) 
 (/opt/homebrew/Cellar/texlive/20240312_2/share/texmf-dist/tex/latex/l3backend/l3backend-pdftex.def
File: l3backend-pdftex.def 2024-02-20 L3 backend support: PDF output (pdfTeX)
\l__color_backend_stack_int=\count467
\l__pdf_internal_box=\box76
))
Package biblatex Info: ... and expl3
(biblatex)             2024-02-20 L3 programming layer (loader) 
(biblatex)             is new enough (at least 2020/04/06),
(biblatex)             setting 'casechanger=expl3'.
 (/opt/homebrew/Cellar/texlive/20240312_2/share/texmf-dist/tex/latex/biblatex/blx-case-expl3.sty (/opt/homebrew/Cellar/texlive/20240312_2/share/texmf-dist/tex/latex/l3packages/xparse/xparse.sty
Package: xparse 2024-02-18 L3 Experimental document command parser
)
Package: blx-case-expl3 2024/03/21 v3.20 expl3 case changing code for biblatex
)) (/opt/homebrew/Cellar/texlive/20240312_2/share/texmf-dist/tex/latex/pgf/frontendlayer/tikz.sty (/opt/homebrew/Cellar/texlive/20240312_2/share/texmf-dist/tex/latex/pgf/basiclayer/pgf.sty
Package: pgf 2023-01-15 v3.1.10 (3.1.10)
 (/opt/homebrew/Cellar/texlive/20240312_2/share/texmf-dist/tex/generic/pgf/modules/pgfmoduleshapes.code.tex
File: pgfmoduleshapes.code.tex 2023-01-15 v3.1.10 (3.1.10)
\pgfnodeparttextbox=\box77
) (/opt/homebrew/Cellar/texlive/20240312_2/share/texmf-dist/tex/generic/pgf/modules/pgfmoduleplot.code.tex
File: pgfmoduleplot.code.tex 2023-01-15 v3.1.10 (3.1.10)
) (/opt/homebrew/Cellar/texlive/20240312_2/share/texmf-dist/tex/latex/pgf/compatibility/pgfcomp-version-0-65.sty
Package: pgfcomp-version-0-65 2023-01-15 v3.1.10 (3.1.10)
\pgf@nodesepstart=\dimen294
\pgf@nodesepend=\dimen295
) (/opt/homebrew/Cellar/texlive/20240312_2/share/texmf-dist/tex/latex/pgf/compatibility/pgfcomp-version-1-18.sty
Package: pgfcomp-version-1-18 2023-01-15 v3.1.10 (3.1.10)
)) (/opt/homebrew/Cellar/texlive/20240312_2/share/texmf-dist/tex/latex/pgf/utilities/pgffor.sty (/opt/homebrew/Cellar/texlive/20240312_2/share/texmf-dist/tex/generic/pgf/utilities/pgffor.code.tex
Package: pgffor 2023-01-15 v3.1.10 (3.1.10)
\pgffor@iter=\dimen296
\pgffor@skip=\dimen297
\pgffor@stack=\toks46
\pgffor@toks=\toks47
)) (/opt/homebrew/Cellar/texlive/20240312_2/share/texmf-dist/tex/generic/pgf/frontendlayer/tikz/tikz.code.tex
Package: tikz 2023-01-15 v3.1.10 (3.1.10)
 (/opt/homebrew/Cellar/texlive/20240312_2/share/texmf-dist/tex/generic/pgf/libraries/pgflibraryplothandlers.code.tex
File: pgflibraryplothandlers.code.tex 2023-01-15 v3.1.10 (3.1.10)
\pgf@plot@mark@count=\count468
\pgfplotmarksize=\dimen298
)
\tikz@lastx=\dimen299
\tikz@lasty=\dimen300
\tikz@lastxsaved=\dimen301
\tikz@lastysaved=\dimen302
\tikz@lastmovetox=\dimen303
\tikz@lastmovetoy=\dimen304
\tikzleveldistance=\dimen305
\tikzsiblingdistance=\dimen306
\tikz@figbox=\box78
\tikz@figbox@bg=\box79
\tikz@tempbox=\box80
\tikz@tempbox@bg=\box81
\tikztreelevel=\count469
\tikznumberofchildren=\count470
\tikznumberofcurrentchild=\count471
\tikz@fig@count=\count472
 (/opt/homebrew/Cellar/texlive/20240312_2/share/texmf-dist/tex/generic/pgf/modules/pgfmodulematrix.code.tex
File: pgfmodulematrix.code.tex 2023-01-15 v3.1.10 (3.1.10)
\pgfmatrixcurrentrow=\count473
\pgfmatrixcurrentcolumn=\count474
\pgf@matrix@numberofcolumns=\count475
)
\tikz@expandcount=\count476
 (/opt/homebrew/Cellar/texlive/20240312_2/share/texmf-dist/tex/generic/pgf/frontendlayer/tikz/libraries/tikzlibrarytopaths.code.tex
File: tikzlibrarytopaths.code.tex 2023-01-15 v3.1.10 (3.1.10)
))) (/opt/homebrew/Cellar/texlive/20240312_2/share/texmf-dist/tex/generic/pgf/frontendlayer/tikz/libraries/tikzlibrarypositioning.code.tex
File: tikzlibrarypositioning.code.tex 2023-01-15 v3.1.10 (3.1.10)
) (/opt/homebrew/Cellar/texlive/20240312_2/share/texmf-dist/tex/generic/pgf/frontendlayer/tikz/libraries/tikzlibraryshapes.geometric.code.tex
File: tikzlibraryshapes.geometric.code.tex 2023-01-15 v3.1.10 (3.1.10)
 (/opt/homebrew/Cellar/texlive/20240312_2/share/texmf-dist/tex/generic/pgf/libraries/shapes/pgflibraryshapes.geometric.code.tex
File: pgflibraryshapes.geometric.code.tex 2023-01-15 v3.1.10 (3.1.10)
)) (/opt/homebrew/Cellar/texlive/20240312_2/share/texmf-dist/tex/generic/pgf/libraries/pgflibraryarrows.meta.code.tex
File: pgflibraryarrows.meta.code.tex 2023-01-15 v3.1.10 (3.1.10)
\pgfarrowinset=\dimen307
\pgfarrowlength=\dimen308
\pgfarrowwidth=\dimen309
\pgfarrowlinewidth=\dimen310
) (/opt/homebrew/Cellar/texlive/20240312_2/share/texmf-dist/tex/latex/algorithms/algorithm.sty
Package: algorithm 2009/08/24 v0.1 Document Style `algorithm' - floating environment
 (/opt/homebrew/Cellar/texlive/20240312_2/share/texmf-dist/tex/latex/float/float.sty
Package: float 2001/11/08 v1.3d Float enhancements (AL)
\c@float@type=\count477
\float@exts=\toks48
\float@box=\box82
\@float@everytoks=\toks49
\@floatcapt=\box83
)
\@float@every@algorithm=\toks50
\c@algorithm=\count478
) (/opt/homebrew/Cellar/texlive/20240312_2/share/texmf-dist/tex/latex/algorithmicx/algpseudocode.sty
Package: algpseudocode 
 (/opt/homebrew/Cellar/texlive/20240312_2/share/texmf-dist/tex/latex/algorithmicx/algorithmicx.sty
Package: algorithmicx 2005/04/27 v1.2 Algorithmicx

Document Style algorithmicx 1.2 - a greatly improved `algorithmic' style
\c@ALG@line=\count479
\c@ALG@rem=\count480
\c@ALG@nested=\count481
\ALG@tlm=\skip87
\ALG@thistlm=\skip88
\c@ALG@Lnr=\count482
\c@ALG@blocknr=\count483
\c@ALG@storecount=\count484
\c@ALG@tmpcounter=\count485
\ALG@tmplength=\skip89
)
Document Style - pseudocode environments for use with the `algorithmicx' style
)
\@quotelevel=\count486
\@quotereset=\count487

No file ppt.aux.
\openout1 = `ppt.aux'.

LaTeX Font Info:    Checking defaults for OML/cmm/m/it on input line 41.
LaTeX Font Info:    ... okay on input line 41.
LaTeX Font Info:    Checking defaults for OMS/cmsy/m/n on input line 41.
LaTeX Font Info:    ... okay on input line 41.
LaTeX Font Info:    Checking defaults for OT1/cmr/m/n on input line 41.
LaTeX Font Info:    ... okay on input line 41.
LaTeX Font Info:    Checking defaults for T1/cmr/m/n on input line 41.
LaTeX Font Info:    ... okay on input line 41.
LaTeX Font Info:    Checking defaults for TS1/cmr/m/n on input line 41.
LaTeX Font Info:    ... okay on input line 41.
LaTeX Font Info:    Checking defaults for OMX/cmex/m/n on input line 41.
LaTeX Font Info:    ... okay on input line 41.
LaTeX Font Info:    Checking defaults for U/cmr/m/n on input line 41.
LaTeX Font Info:    ... okay on input line 41.
LaTeX Font Info:    Checking defaults for PD1/pdf/m/n on input line 41.
LaTeX Font Info:    ... okay on input line 41.
LaTeX Font Info:    Checking defaults for PU/pdf/m/n on input line 41.
LaTeX Font Info:    ... okay on input line 41.
*geometry* driver: auto-detecting
*geometry* detected driver: pdftex
*geometry* verbose mode - [ preamble ] result:
* driver: pdftex
* paper: custom
* layout: <same size as paper>
* layoutoffset:(h,v)=(0.0pt,0.0pt)
* modes: includehead includefoot 
* h-part:(L,W,R)=(28.45274pt, 307.28987pt, 28.45274pt)
* v-part:(T,H,B)=(0.0pt, 273.14662pt, 0.0pt)
* \paperwidth=364.19536pt
* \paperheight=273.14662pt
* \textwidth=307.28987pt
* \textheight=244.6939pt
* \oddsidemargin=-43.81725pt
* \evensidemargin=-43.81725pt
* \topmargin=-72.26999pt
* \headheight=14.22636pt
* \headsep=0.0pt
* \topskip=11.0pt
* \footskip=14.22636pt
* \marginparwidth=4.0pt
* \marginparsep=10.0pt
* \columnsep=10.0pt
* \skip\footins=10.0pt plus 4.0pt minus 2.0pt
* \hoffset=0.0pt
* \voffset=0.0pt
* \mag=1000
* \@twocolumnfalse
* \@twosidefalse
* \@mparswitchfalse
* \@reversemarginfalse
* (1in=72.27pt=25.4mm, 1cm=28.453pt)

(/opt/homebrew/Cellar/texlive/20240312_2/share/texmf-dist/tex/context/base/mkii/supp-pdf.mkii
[Loading MPS to PDF converter (version 2006.09.02).]
\scratchcounter=\count488
\scratchdimen=\dimen311
\scratchbox=\box84
\nofMPsegments=\count489
\nofMParguments=\count490
\everyMPshowfont=\toks51
\MPscratchCnt=\count491
\MPscratchDim=\dimen312
\MPnumerator=\count492
\makeMPintoPDFobject=\count493
\everyMPtoPDFconversion=\toks52
) (/opt/homebrew/Cellar/texlive/20240312_2/share/texmf-dist/tex/latex/epstopdf-pkg/epstopdf-base.sty
Package: epstopdf-base 2020-01-24 v2.11 Base part for package epstopdf
Package epstopdf-base Info: Redefining graphics rule for `.eps' on input line 485.
 (/opt/homebrew/Cellar/texlive/20240312_2/share/texmf-dist/tex/latex/latexconfig/epstopdf-sys.cfg
File: epstopdf-sys.cfg 2010/07/13 v1.3 Configuration of (r)epstopdf for TeX Live
))
Package hyperref Info: Link coloring OFF on input line 41.
\@outlinefile=\write6
\openout6 = `ppt.out'.

LaTeX Font Info:    Overwriting symbol font `operators' in version `normal'
(Font)                  OT1/cmr/m/n --> OT1/cmss/m/n on input line 41.
LaTeX Font Info:    Overwriting symbol font `operators' in version `bold'
(Font)                  OT1/cmr/bx/n --> OT1/cmss/b/n on input line 41.
\symnumbers=\mathgroup6
\sympureletters=\mathgroup7
LaTeX Font Info:    Overwriting math alphabet `\mathrm' in version `normal'
(Font)                  OT1/cmss/m/n --> OT1/cmr/m/n on input line 41.
LaTeX Font Info:    Redeclaring math alphabet \mathbf on input line 41.
LaTeX Font Info:    Overwriting math alphabet `\mathbf' in version `normal'
(Font)                  OT1/cmr/bx/n --> OT1/cmss/b/n on input line 41.
LaTeX Font Info:    Overwriting math alphabet `\mathbf' in version `bold'
(Font)                  OT1/cmr/bx/n --> OT1/cmss/b/n on input line 41.
LaTeX Font Info:    Redeclaring math alphabet \mathsf on input line 41.
LaTeX Font Info:    Overwriting math alphabet `\mathsf' in version `normal'
(Font)                  OT1/cmss/m/n --> OT1/cmss/m/n on input line 41.
LaTeX Font Info:    Overwriting math alphabet `\mathsf' in version `bold'
(Font)                  OT1/cmss/bx/n --> OT1/cmss/m/n on input line 41.
LaTeX Font Info:    Redeclaring math alphabet \mathit on input line 41.
LaTeX Font Info:    Overwriting math alphabet `\mathit' in version `normal'
(Font)                  OT1/cmr/m/it --> OT1/cmss/m/it on input line 41.
LaTeX Font Info:    Overwriting math alphabet `\mathit' in version `bold'
(Font)                  OT1/cmr/bx/it --> OT1/cmss/m/it on input line 41.
LaTeX Font Info:    Redeclaring math alphabet \mathtt on input line 41.
LaTeX Font Info:    Overwriting math alphabet `\mathtt' in version `normal'
(Font)                  OT1/cmtt/m/n --> OT1/cmtt/m/n on input line 41.
LaTeX Font Info:    Overwriting math alphabet `\mathtt' in version `bold'
(Font)                  OT1/cmtt/m/n --> OT1/cmtt/m/n on input line 41.
LaTeX Font Info:    Overwriting symbol font `numbers' in version `bold'
(Font)                  OT1/cmss/m/n --> OT1/cmss/b/n on input line 41.
LaTeX Font Info:    Overwriting symbol font `pureletters' in version `bold'
(Font)                  OT1/cmss/m/it --> OT1/cmss/b/it on input line 41.
LaTeX Font Info:    Overwriting math alphabet `\mathrm' in version `bold'
(Font)                  OT1/cmss/b/n --> OT1/cmr/b/n on input line 41.
LaTeX Font Info:    Overwriting math alphabet `\mathbf' in version `bold'
(Font)                  OT1/cmss/b/n --> OT1/cmss/b/n on input line 41.
LaTeX Font Info:    Overwriting math alphabet `\mathsf' in version `bold'
(Font)                  OT1/cmss/m/n --> OT1/cmss/b/n on input line 41.
LaTeX Font Info:    Overwriting math alphabet `\mathit' in version `bold'
(Font)                  OT1/cmss/m/it --> OT1/cmss/b/it on input line 41.
LaTeX Font Info:    Overwriting math alphabet `\mathtt' in version `bold'
(Font)                  OT1/cmtt/m/n --> OT1/cmtt/b/n on input line 41.
LaTeX Font Info:    Redeclaring symbol font `pureletters' on input line 41.
LaTeX Font Info:    Overwriting symbol font `pureletters' in version `normal'
(Font)                  OT1/cmss/m/it --> OT1/mathkerncmss/m/sl on input line 41.
LaTeX Font Info:    Overwriting symbol font `pureletters' in version `bold'
(Font)                  OT1/cmss/b/it --> OT1/mathkerncmss/m/sl on input line 41.
LaTeX Font Info:    Overwriting symbol font `pureletters' in version `bold'
(Font)                  OT1/mathkerncmss/m/sl --> OT1/mathkerncmss/bx/sl on input line 41.
 (/opt/homebrew/Cellar/texlive/20240312_2/share/texmf-dist/tex/latex/translator/translator-basic-dictionary-English.dict
Dictionary: translator-basic-dictionary, Language: English 
) (/opt/homebrew/Cellar/texlive/20240312_2/share/texmf-dist/tex/latex/translator/translator-bibliography-dictionary-English.dict
Dictionary: translator-bibliography-dictionary, Language: English 
) (/opt/homebrew/Cellar/texlive/20240312_2/share/texmf-dist/tex/latex/translator/translator-environment-dictionary-English.dict
Dictionary: translator-environment-dictionary, Language: English 
) (/opt/homebrew/Cellar/texlive/20240312_2/share/texmf-dist/tex/latex/translator/translator-months-dictionary-English.dict
Dictionary: translator-months-dictionary, Language: English 
) (/opt/homebrew/Cellar/texlive/20240312_2/share/texmf-dist/tex/latex/translator/translator-numbers-dictionary-English.dict
Dictionary: translator-numbers-dictionary, Language: English 
) (/opt/homebrew/Cellar/texlive/20240312_2/share/texmf-dist/tex/latex/translator/translator-theorem-dictionary-English.dict
Dictionary: translator-theorem-dictionary, Language: English 
)
Package biblatex Info: Trying to load language 'english'...
Package biblatex Info: ... file 'english.lbx' found.
 (/opt/homebrew/Cellar/texlive/20240312_2/share/texmf-dist/tex/latex/biblatex/lbx/english.lbx
File: english.lbx 2024/03/21 v3.20 biblatex localization (PK/MW)
)
Package biblatex Info: Input encoding 'utf8' detected.
Package biblatex Info: Automatic encoding selection.
(biblatex)             Assuming data encoding 'utf8'.
\openout5 = `ppt.bcf'.

Package biblatex Info: Trying to load bibliographic data...
Package biblatex Info: ... file 'ppt.bbl' not found.

No file ppt.bbl.
Package biblatex Info: Reference section=0 on input line 41.
Package biblatex Info: Reference segment=0 on input line 41.
(./ppt.nav) [1

{/opt/homebrew/Cellar/texlive/20240312_2/share/texmf-dist/fonts/map/pdftex/updmap/pdftex.map}]
<intro_image1.png, id=45, 386.44376pt x 142.5325pt>
File: intro_image1.png Graphic file (type png)
<use intro_image1.png>
Package pdftex.def Info: intro_image1.png  used on input line 58.
(pdftex.def)             Requested size: 245.83282pt x 90.67023pt.
LaTeX Font Info:    Trying to load font information for U+msa on input line 58.
 (/opt/homebrew/Cellar/texlive/20240312_2/share/texmf-dist/tex/latex/amsfonts/umsa.fd
File: umsa.fd 2013/01/14 v3.01 AMS symbols A
)
LaTeX Font Info:    Trying to load font information for U+msb on input line 58.
 (/opt/homebrew/Cellar/texlive/20240312_2/share/texmf-dist/tex/latex/amsfonts/umsb.fd
File: umsb.fd 2013/01/14 v3.01 AMS symbols B
)
LaTeX Font Info:    Trying to load font information for OT1+mathkerncmss on input line 58.
 (/opt/homebrew/Cellar/texlive/20240312_2/share/texmf-dist/tex/latex/sansmathaccent/ot1mathkerncmss.fd
File: ot1mathkerncmss.fd 2020/01/31 Fontinst v1.933 font definitions for OT1/mathkerncmss.
) [2

 <./intro_image1.png>] [3

] [4

] [5

]
<ssc_image1.png, id=150, 439.6425pt x 487.8225pt>
File: ssc_image1.png Graphic file (type png)
<use ssc_image1.png>
Package pdftex.def Info: ssc_image1.png  used on input line 97.
(pdftex.def)             Requested size: 92.98506pt x 103.17522pt.
 [6

 <./ssc_image1.png>]
<synergy_image1.png, id=177, 392.46625pt x 127.47626pt>
File: synergy_image1.png Graphic file (type png)
<use synergy_image1.png>
Package pdftex.def Info: synergy_image1.png  used on input line 111.
(pdftex.def)             Requested size: 245.83282pt x 79.84946pt.
 [7

 <./synergy_image1.png>] [8

]
\openout4 = `ppt.vrb'.

 (./ppt.vrb
LaTeX Font Info:    Font shape `OT1/cmss/b/n' in size <10.95> not available
(Font)              Font shape `OT1/cmss/bx/n' tried instead on input line 19.
LaTeX Font Info:    Font shape `OT1/cmss/b/n' in size <8> not available
(Font)              Font shape `OT1/cmss/bx/n' tried instead on input line 19.
LaTeX Font Info:    Font shape `OT1/cmss/b/n' in size <6> not available
(Font)              Font shape `OT1/cmss/bx/n' tried instead on input line 19.
) [9

]
\openout4 = `ppt.vrb'.

 (./ppt.vrb) [10

]
\openout4 = `ppt.vrb'.

 (./ppt.vrb

./ppt.vrb:15: LaTeX Error: Something's wrong--perhaps a missing \item.

See the LaTeX manual or LaTeX Companion for explanation.
Type  H <return>  for immediate help.
 ...                                              
                                                  
l.15     \end{algorithmic}
                          
Try typing  <return>  to proceed.
If that doesn't work, type  X <return>  to quit.

) [11

]
LaTeX Font Info:    Font shape `OT1/cmss/b/n' in size <9> not available
(Font)              Font shape `OT1/cmss/bx/n' tried instead on input line 238.
LaTeX Font Info:    Font shape `OT1/cmss/b/n' in size <5> not available
(Font)              Font shape `OT1/cmss/bx/n' tried instead on input line 238.
LaTeX Font Info:    Trying to load font information for TS1+cmss on input line 238.
 (/opt/homebrew/Cellar/texlive/20240312_2/share/texmf-dist/tex/latex/base/ts1cmss.fd
File: ts1cmss.fd 2023/04/13 v2.5m Standard LaTeX font definitions
)
Underfull \hbox (badness 1796) in paragraph at lines 238--238
[]\OT1/cmss/m/n/9 Encoder (pre-trained) \TS1/cmss/m/n/9 ^^Y \OT1/cmss/m/n/9 Pol-icy
 []

[12

{/opt/homebrew/Cellar/texlive/20240312_2/share/texmf-dist/fonts/enc/dvips/cm-super/cm-super-ts1.enc}]
<Architecture.png, id=341, 706.64pt x 650.43pt>
File: Architecture.png Graphic file (type png)
<use Architecture.png>
Package pdftex.def Info: Architecture.png  used on input line 302.
(pdftex.def)             Requested size: 147.49782pt x 135.76065pt.
<Nodes.png, id=342, 603.25375pt x 460.72125pt>
File: Nodes.png Graphic file (type png)
<use Nodes.png>
Package pdftex.def Info: Nodes.png  used on input line 302.
(pdftex.def)             Requested size: 147.49782pt x 112.64218pt.
 [13

 <./Architecture.png> <./Nodes.png>] [14

]
<total_cold_starts.png, id=397, 794.97pt x 389.455pt>
File: total_cold_starts.png Graphic file (type png)
<use total_cold_starts.png>
Package pdftex.def Info: total_cold_starts.png  used on input line 327.
(pdftex.def)             Requested size: 147.49782pt x 72.25603pt.
<cold_starts_final_real.png, id=398, 578.16pt x 289.08pt>
File: cold_starts_final_real.png Graphic file (type png)
<use cold_starts_final_real.png>
Package pdftex.def Info: cold_starts_final_real.png  used on input line 327.
(pdftex.def)             Requested size: 147.49782pt x 73.7475pt.
 [15

 <./total_cold_starts.png> <./cold_starts_final_real.png>]
<avg_latency.png, id=426, 807.015pt x 389.455pt>
File: avg_latency.png Graphic file (type png)
<use avg_latency.png>
Package pdftex.def Info: avg_latency.png  used on input line 341.
(pdftex.def)             Requested size: 147.49782pt x 71.18042pt.
<avg_latency_final_real.png, id=427, 578.16pt x 289.08pt>
File: avg_latency_final_real.png Graphic file (type png)
<use avg_latency_final_real.png>
Package pdftex.def Info: avg_latency_final_real.png  used on input line 341.
(pdftex.def)             Requested size: 147.49782pt x 73.7475pt.
 [16

 <./avg_latency.png> <./avg_latency_final_real.png>] [17

] [18

] [19

] [20

]
pdfTeX warning (ext4): destination with the same identifier (name{beamerbibH}) has been already used, duplicate ignored
<to be read again> 
                   \relax 
l.422 \end{frame}
                  [21

]
\tf@nav=\write7
\openout7 = `ppt.nav'.

\tf@toc=\write8
\openout8 = `ppt.toc'.

\tf@snm=\write9
\openout9 = `ppt.snm'.

 (./ppt.aux)
 ***********
LaTeX2e <2023-11-01> patch level 1
L3 programming layer <2024-02-20>
 ***********


LaTeX Warning: There were undefined references.


LaTeX Warning: Label(s) may have changed. Rerun to get cross-references right.


Package rerunfilecheck Warning: File `ppt.out' has changed.
(rerunfilecheck)                Rerun to get outlines right
(rerunfilecheck)                or use package `bookmark'.

Package rerunfilecheck Info: Checksums for `ppt.out':
(rerunfilecheck)             Before: <no file>
(rerunfilecheck)             After:  D41D8CD98F00B204E9800998ECF8427E;0.

Package biblatex Warning: Please (re)run Biber on the file:
(biblatex)                ppt
(biblatex)                and rerun LaTeX afterwards.

Package logreq Info: Writing requests to 'ppt.run.xml'.
\openout1 = `ppt.run.xml'.

 ) 
Here is how much of TeX's memory you used:
 33162 strings out of 474116
 673747 string characters out of 5732613
 1938187 words of memory out of 5000000
 54896 multiletter control sequences out of 15000+600000
 572378 words of font info for 87 fonts, out of 8000000 for 9000
 1141 hyphenation exceptions out of 8191
 128i,14n,123p,1107b,805s stack positions out of 10000i,1000n,20000p,200000b,200000s
</opt/homebrew/Cellar/texlive/20240312_2/share/texmf-dist/fonts/type1/public/amsfonts/cm/cmmi10.pfb></opt/homebrew/Cellar/texlive/20240312_2/share/texmf-dist/fonts/type1/public/amsfonts/cm/cmss10.pfb></opt/homebrew/Cellar/texlive/20240312_2/share/texmf-dist/fonts/type1/public/amsfonts/cm/cmss12.pfb></opt/homebrew/Cellar/texlive/20240312_2/share/texmf-dist/fonts/type1/public/amsfonts/cm/cmss8.pfb></opt/homebrew/Cellar/texlive/20240312_2/share/texmf-dist/fonts/type1/public/amsfonts/cm/cmss9.pfb></opt/homebrew/Cellar/texlive/20240312_2/share/texmf-dist/fonts/type1/public/amsfonts/cm/cmssbx10.pfb></opt/homebrew/Cellar/texlive/20240312_2/share/texmf-dist/fonts/type1/public/amsfonts/cm/cmssi10.pfb></opt/homebrew/Cellar/texlive/20240312_2/share/texmf-dist/fonts/type1/public/amsfonts/cm/cmssi8.pfb></opt/homebrew/Cellar/texlive/20240312_2/share/texmf-dist/fonts/type1/public/amsfonts/cm/cmssi9.pfb></opt/homebrew/Cellar/texlive/20240312_2/share/texmf-dist/fonts/type1/public/amsfonts/cm/cmsy10.pfb></opt/homebrew/Cellar/texlive/20240312_2/share/texmf-dist/fonts/type1/public/amsfonts/cm/cmsy6.pfb></opt/homebrew/Cellar/texlive/20240312_2/share/texmf-dist/fonts/type1/public/amsfonts/cm/cmsy8.pfb></opt/homebrew/Cellar/texlive/20240312_2/share/texmf-dist/fonts/type1/public/amsfonts/cm/cmsy9.pfb></opt/homebrew/Cellar/texlive/20240312_2/share/texmf-dist/fonts/type1/public/amsfonts/symbols/msam10.pfb></opt/homebrew/Cellar/texlive/20240312_2/share/texmf-dist/fonts/type1/public/cm-super/sfss0900.pfb>
Output written on ppt.pdf (21 pages, 2238941 bytes).
PDF statistics:
 662 PDF objects out of 1000 (max. 8388607)
 579 compressed objects within 6 object streams
 48 named destinations out of 1000 (max. 500000)
 88 words of extra memory for PDF output out of 10000 (max. 10000000)

